2023-05-08 15:59:20 [INFO] 초기화 필터 생성
2023-05-08 15:59:29 [INFO] 후처리 수행
2023-05-08 15:59:30 [INFO] View 처리 완료 후 수행
2023-05-08 15:59:30 [INFO] 후처리 수행
2023-05-08 15:59:30 [INFO] View 처리 완료 후 수행
2023-05-08 15:59:30 [INFO] 후처리 수행
2023-05-08 15:59:30 [INFO] View 처리 완료 후 수행
2023-05-08 15:59:30 [INFO] 후처리 수행
2023-05-08 15:59:30 [INFO] View 처리 완료 후 수행
2023-05-08 15:59:30 [INFO] 후처리 수행
2023-05-08 15:59:30 [INFO] View 처리 완료 후 수행
2023-05-08 15:59:41 [INFO] 후처리 수행
2023-05-08 15:59:41 [INFO] View 처리 완료 후 수행
2023-05-08 15:59:51 [INFO] 후처리 수행
2023-05-08 15:59:51 [INFO] View 처리 완료 후 수행
2023-05-08 16:00:01 [INFO] 후처리 수행
2023-05-08 16:00:01 [INFO] View 처리 완료 후 수행
2023-05-08 16:00:11 [INFO] 후처리 수행
2023-05-08 16:00:11 [INFO] View 처리 완료 후 수행
2023-05-08 16:00:21 [INFO] 후처리 수행
2023-05-08 16:00:21 [INFO] View 처리 완료 후 수행
2023-05-08 16:00:31 [INFO] 후처리 수행
2023-05-08 16:00:31 [INFO] View 처리 완료 후 수행
2023-05-08 16:00:41 [INFO] 후처리 수행
2023-05-08 16:00:41 [INFO] View 처리 완료 후 수행
2023-05-08 16:00:51 [INFO] 후처리 수행
2023-05-08 16:00:51 [INFO] View 처리 완료 후 수행
2023-05-08 16:00:56 [INFO] 후처리 수행
2023-05-08 16:00:56 [INFO] View 처리 완료 후 수행
2023-05-08 16:00:56 [INFO] 후처리 수행
2023-05-08 16:00:56 [INFO] View 처리 완료 후 수행
2023-05-08 16:01:04 [INFO] 로그인 기능 수행 됨
2023-05-08 16:01:04 [DEBUG] test01! / $2a$10$HRK8wI.nuIR4MMAxPMoknuFG1u8UE0626g/Aug/rSfHMm3w7Rf3h2
2023-05-08 16:01:04 [INFO] 후처리 수행
2023-05-08 16:01:04 [INFO] View 처리 완료 후 수행
2023-05-08 16:01:04 [INFO] 후처리 수행
2023-05-08 16:01:04 [INFO] View 처리 완료 후 수행
2023-05-08 16:01:04 [INFO] 후처리 수행
2023-05-08 16:01:04 [INFO] View 처리 완료 후 수행
2023-05-08 16:01:06 [INFO] 후처리 수행
2023-05-08 16:01:07 [INFO] View 처리 완료 후 수행
2023-05-08 16:01:07 [INFO] 후처리 수행
2023-05-08 16:01:07 [INFO] View 처리 완료 후 수행
2023-05-08 16:01:07 [INFO] 후처리 수행
2023-05-08 16:01:07 [INFO] View 처리 완료 후 수행
2023-05-08 16:01:07 [INFO] 후처리 수행
2023-05-08 16:01:07 [INFO] View 처리 완료 후 수행
2023-05-08 16:01:08 [INFO] 후처리 수행
2023-05-08 16:01:08 [INFO] View 처리 완료 후 수행
2023-05-08 16:01:08 [INFO] 후처리 수행
2023-05-08 16:01:08 [INFO] View 처리 완료 후 수행
2023-05-08 16:01:08 [INFO] 후처리 수행
2023-05-08 16:01:08 [INFO] View 처리 완료 후 수행
2023-05-08 16:01:08 [INFO] 후처리 수행
2023-05-08 16:01:08 [INFO] View 처리 완료 후 수행
2023-05-08 16:01:09 [INFO] 후처리 수행
2023-05-08 16:01:09 [INFO] View 처리 완료 후 수행
2023-05-08 16:01:09 [INFO] 후처리 수행
2023-05-08 16:01:09 [INFO] View 처리 완료 후 수행
2023-05-08 16:01:09 [INFO] 후처리 수행
2023-05-08 16:01:09 [INFO] View 처리 완료 후 수행
2023-05-08 16:01:09 [INFO] 후처리 수행
2023-05-08 16:01:09 [INFO] View 처리 완료 후 수행
2023-05-08 16:01:09 [INFO] 후처리 수행
2023-05-08 16:01:09 [INFO] View 처리 완료 후 수행
2023-05-08 16:01:11 [INFO] View 처리 완료 후 수행
2023-05-08 16:01:17 [INFO] View 처리 완료 후 수행
2023-05-08 16:01:25 [INFO] 후처리 수행
2023-05-08 16:01:25 [INFO] View 처리 완료 후 수행
2023-05-08 16:04:10 [INFO] 후처리 수행
2023-05-08 16:04:10 [INFO] View 처리 완료 후 수행
2023-05-08 16:04:12 [INFO] 후처리 수행
2023-05-08 16:04:12 [INFO] View 처리 완료 후 수행
2023-05-08 16:04:14 [INFO] 후처리 수행
2023-05-08 16:04:14 [INFO] View 처리 완료 후 수행
2023-05-08 16:04:14 [INFO] 후처리 수행
2023-05-08 16:04:14 [INFO] View 처리 완료 후 수행
2023-05-08 16:04:16 [INFO] 후처리 수행
2023-05-08 16:04:16 [INFO] View 처리 완료 후 수행
2023-05-08 16:04:17 [INFO] 후처리 수행
2023-05-08 16:04:17 [INFO] View 처리 완료 후 수행
2023-05-08 16:04:23 [INFO] 초기화 필터 파괴
2023-05-08 16:04:28 [INFO] 초기화 필터 생성
2023-05-08 16:04:35 [INFO] View 처리 완료 후 수행
2023-05-08 16:04:37 [INFO] View 처리 완료 후 수행
2023-05-08 16:04:44 [INFO] 후처리 수행
2023-05-08 16:04:44 [INFO] View 처리 완료 후 수행
2023-05-08 16:04:44 [INFO] 후처리 수행
2023-05-08 16:04:44 [INFO] View 처리 완료 후 수행
2023-05-08 16:04:47 [INFO] 후처리 수행
2023-05-08 16:04:47 [INFO] View 처리 완료 후 수행
2023-05-08 16:04:47 [INFO] 초기화 필터 파괴
2023-05-08 16:04:51 [INFO] 초기화 필터 생성
2023-05-08 16:04:56 [INFO] 후처리 수행
2023-05-08 16:04:56 [INFO] View 처리 완료 후 수행
2023-05-08 16:05:06 [INFO] 초기화 필터 파괴
2023-05-08 16:05:10 [INFO] 초기화 필터 생성
2023-05-08 16:06:53 [INFO] 초기화 필터 파괴
2023-05-08 16:06:57 [INFO] 초기화 필터 생성
2023-05-08 16:12:37 [INFO] 초기화 필터 파괴
2023-05-08 16:12:41 [INFO] 초기화 필터 생성
2023-05-08 16:20:49 [INFO] 초기화 필터 파괴
2023-05-08 16:20:52 [INFO] 초기화 필터 생성
2023-05-08 16:27:03 [INFO] 초기화 필터 파괴
2023-05-08 16:27:06 [INFO] 초기화 필터 생성
2023-05-08 16:27:22 [INFO] 초기화 필터 생성
2023-05-08 16:27:28 [INFO] 후처리 수행
2023-05-08 16:27:28 [INFO] View 처리 완료 후 수행
2023-05-08 16:27:28 [INFO] 후처리 수행
2023-05-08 16:27:28 [INFO] View 처리 완료 후 수행
2023-05-08 16:27:33 [INFO] 로그인 기능 수행 됨
2023-05-08 16:27:33 [DEBUG] test01! / $2a$10$2cE35Eu2NWEyOiW8zSJq2.l6VJ2R9U2ynR3TH7b1JBWtAShuudS1C
2023-05-08 16:27:33 [INFO] 후처리 수행
2023-05-08 16:27:33 [INFO] View 처리 완료 후 수행
2023-05-08 16:27:33 [INFO] 후처리 수행
2023-05-08 16:27:34 [INFO] View 처리 완료 후 수행
2023-05-08 16:27:36 [INFO] 후처리 수행
2023-05-08 16:27:38 [INFO] View 처리 완료 후 수행
2023-05-08 16:27:38 [INFO] 후처리 수행
2023-05-08 16:27:38 [INFO] 후처리 수행
2023-05-08 16:27:38 [INFO] View 처리 완료 후 수행
2023-05-08 16:27:38 [INFO] View 처리 완료 후 수행
2023-05-08 16:27:38 [INFO] 후처리 수행
2023-05-08 16:27:38 [INFO] View 처리 완료 후 수행
2023-05-08 16:27:38 [INFO] 후처리 수행
2023-05-08 16:27:38 [INFO] View 처리 완료 후 수행
2023-05-08 16:27:40 [INFO] 후처리 수행
2023-05-08 16:27:40 [INFO] View 처리 완료 후 수행
2023-05-08 16:27:40 [INFO] 후처리 수행
2023-05-08 16:27:40 [INFO] View 처리 완료 후 수행
2023-05-08 16:27:40 [INFO] 후처리 수행
2023-05-08 16:27:40 [INFO] View 처리 완료 후 수행
2023-05-08 16:44:05 [INFO] 초기화 필터 파괴
2023-05-08 16:44:09 [INFO] 초기화 필터 생성
2023-05-08 16:50:45 [INFO] 초기화 필터 파괴
2023-05-08 16:50:50 [INFO] 초기화 필터 생성
2023-05-08 17:03:30 [INFO] 초기화 필터 파괴
2023-05-08 17:03:33 [INFO] 초기화 필터 생성
2023-05-08 17:14:32 [INFO] 초기화 필터 파괴
2023-05-08 17:14:36 [INFO] 초기화 필터 생성
2023-05-08 17:19:39 [INFO] 초기화 필터 파괴
2023-05-08 17:19:43 [INFO] 초기화 필터 생성
2023-05-08 17:20:03 [INFO] 후처리 수행
2023-05-08 17:20:03 [INFO] View 처리 완료 후 수행
2023-05-08 17:20:03 [INFO] 후처리 수행
2023-05-08 17:20:03 [INFO] View 처리 완료 후 수행
2023-05-08 17:20:07 [INFO] 후처리 수행
2023-05-08 17:20:07 [INFO] View 처리 완료 후 수행
2023-05-08 17:20:08 [INFO] 후처리 수행
2023-05-08 17:20:08 [INFO] View 처리 완료 후 수행
2023-05-08 17:20:09 [INFO] 후처리 수행
2023-05-08 17:20:09 [INFO] View 처리 완료 후 수행
2023-05-08 17:20:10 [INFO] 후처리 수행
2023-05-08 17:20:10 [INFO] View 처리 완료 후 수행
2023-05-08 17:20:13 [INFO] 후처리 수행
2023-05-08 17:20:13 [INFO] View 처리 완료 후 수행
2023-05-08 17:20:26 [INFO] 후처리 수행
2023-05-08 17:20:26 [INFO] View 처리 완료 후 수행
2023-05-08 17:20:27 [INFO] 후처리 수행
2023-05-08 17:20:27 [INFO] View 처리 완료 후 수행
2023-05-08 17:20:28 [INFO] 후처리 수행
2023-05-08 17:20:28 [INFO] View 처리 완료 후 수행
2023-05-08 17:20:31 [INFO] 후처리 수행
2023-05-08 17:20:31 [INFO] View 처리 완료 후 수행
2023-05-08 17:20:34 [INFO] 후처리 수행
2023-05-08 17:20:34 [INFO] View 처리 완료 후 수행
2023-05-08 17:46:36 [INFO] 초기화 필터 파괴
2023-05-08 17:46:40 [INFO] 초기화 필터 생성
2023-05-08 18:06:12 [INFO] 초기화 필터 파괴
2023-05-08 18:06:16 [INFO] 초기화 필터 생성
2023-05-08 18:12:54 [INFO] 초기화 필터 파괴
2023-05-08 18:12:57 [INFO] 초기화 필터 생성
2023-05-08 18:14:54 [INFO] 초기화 필터 파괴
2023-05-08 18:14:57 [INFO] 초기화 필터 생성
2023-05-08 18:15:10 [INFO] 초기화 필터 파괴
2023-05-08 18:15:13 [INFO] 초기화 필터 생성
2023-05-08 18:15:38 [INFO] 초기화 필터 파괴
2023-05-08 18:15:42 [INFO] 초기화 필터 생성
2023-05-08 18:15:55 [INFO] 초기화 필터 파괴
2023-05-08 18:15:59 [INFO] 초기화 필터 생성
2023-05-08 19:10:57 [INFO] 초기화 필터 파괴
2023-05-08 19:11:01 [INFO] 초기화 필터 생성
2023-05-08 19:12:19 [INFO] 초기화 필터 파괴
2023-05-08 19:12:22 [INFO] 초기화 필터 생성
2023-05-08 19:12:36 [INFO] 초기화 필터 파괴
2023-05-08 19:12:40 [INFO] 초기화 필터 생성
2023-05-08 19:15:38 [INFO] 초기화 필터 파괴
2023-05-08 19:15:42 [INFO] 초기화 필터 생성
2023-05-08 19:16:07 [INFO] 초기화 필터 파괴
2023-05-08 19:16:10 [INFO] 초기화 필터 생성
2023-05-08 19:21:05 [INFO] 초기화 필터 파괴
2023-05-08 19:21:09 [INFO] 초기화 필터 생성
2023-05-08 19:21:21 [INFO] 초기화 필터 파괴
2023-05-08 19:21:25 [INFO] 초기화 필터 생성
2023-05-08 19:34:49 [INFO] 초기화 필터 파괴
2023-05-08 19:34:52 [INFO] 초기화 필터 생성
2023-05-08 19:35:06 [INFO] 초기화 필터 파괴
2023-05-08 19:35:10 [INFO] 초기화 필터 생성
2023-05-08 19:40:42 [INFO] 초기화 필터 파괴
2023-05-08 19:40:46 [INFO] 초기화 필터 생성
2023-05-08 19:42:54 [INFO] 초기화 필터 파괴
2023-05-08 19:42:59 [INFO] 초기화 필터 생성
2023-05-08 19:43:26 [INFO] 초기화 필터 파괴
2023-05-08 19:43:31 [INFO] 초기화 필터 생성
2023-05-08 19:50:48 [INFO] 초기화 필터 파괴
2023-05-08 19:50:52 [INFO] 초기화 필터 생성
2023-05-08 19:51:17 [INFO] 초기화 필터 파괴
2023-05-08 19:51:22 [INFO] 초기화 필터 생성
2023-05-08 19:51:35 [INFO] 초기화 필터 생성
2023-05-08 19:51:40 [INFO] 후처리 수행
2023-05-08 19:51:41 [INFO] View 처리 완료 후 수행
2023-05-08 19:51:41 [INFO] 후처리 수행
2023-05-08 19:51:41 [INFO] View 처리 완료 후 수행
2023-05-08 19:51:45 [INFO] 로그인 기능 수행 됨
2023-05-08 19:51:45 [DEBUG] test01! / $2a$10$71gSeFLldv1bjBUKp6a8WuTz1RS/j6W3rFxJKuMQ9KZOKT3MfqSQW
2023-05-08 19:51:45 [INFO] 후처리 수행
2023-05-08 19:51:45 [INFO] View 처리 완료 후 수행
2023-05-08 19:51:45 [INFO] 후처리 수행
2023-05-08 19:51:45 [INFO] View 처리 완료 후 수행
2023-05-08 19:51:46 [INFO] 후처리 수행
2023-05-08 19:51:46 [INFO] View 처리 완료 후 수행
2023-05-08 19:51:46 [INFO] 후처리 수행
2023-05-08 19:51:46 [INFO] View 처리 완료 후 수행
2023-05-08 19:51:48 [INFO] 후처리 수행
2023-05-08 19:51:50 [INFO] View 처리 완료 후 수행
2023-05-08 19:52:33 [INFO] 후처리 수행
2023-05-08 19:52:33 [INFO] View 처리 완료 후 수행
2023-05-08 19:52:33 [INFO] 후처리 수행
2023-05-08 19:52:33 [INFO] View 처리 완료 후 수행
2023-05-08 19:52:42 [INFO] 후처리 수행
2023-05-08 19:52:42 [INFO] View 처리 완료 후 수행
2023-05-08 19:52:45 [INFO] 후처리 수행
2023-05-08 19:52:45 [INFO] View 처리 완료 후 수행
2023-05-08 19:52:49 [INFO] 후처리 수행
2023-05-08 19:52:49 [INFO] View 처리 완료 후 수행
2023-05-08 19:52:53 [INFO] View 처리 완료 후 수행
2023-05-08 19:52:54 [INFO] 후처리 수행
2023-05-08 19:52:54 [INFO] View 처리 완료 후 수행
2023-05-08 19:52:55 [INFO] 후처리 수행
2023-05-08 19:52:55 [INFO] View 처리 완료 후 수행
2023-05-08 19:52:56 [INFO] 후처리 수행
2023-05-08 19:52:56 [INFO] View 처리 완료 후 수행
2023-05-08 19:53:13 [INFO] 후처리 수행
2023-05-08 19:53:13 [INFO] View 처리 완료 후 수행
2023-05-08 19:53:13 [INFO] 후처리 수행
2023-05-08 19:53:13 [INFO] View 처리 완료 후 수행
2023-05-08 19:53:17 [INFO] 후처리 수행
2023-05-08 19:53:17 [INFO] View 처리 완료 후 수행
2023-05-08 19:53:20 [INFO] 후처리 수행
2023-05-08 19:53:20 [INFO] View 처리 완료 후 수행
2023-05-08 19:53:23 [INFO] 후처리 수행
2023-05-08 19:53:23 [INFO] View 처리 완료 후 수행
2023-05-08 20:00:43 [INFO] 초기화 필터 파괴
2023-05-08 20:00:49 [INFO] 초기화 필터 생성
2023-05-08 20:01:09 [INFO] 초기화 필터 파괴
2023-05-08 20:01:14 [INFO] 초기화 필터 생성
2023-05-08 20:01:27 [INFO] 초기화 필터 생성
2023-05-08 20:01:32 [INFO] 후처리 수행
2023-05-08 20:01:32 [INFO] View 처리 완료 후 수행
2023-05-08 20:01:32 [INFO] 후처리 수행
2023-05-08 20:01:32 [INFO] View 처리 완료 후 수행
2023-05-08 20:01:42 [INFO] 후처리 수행
2023-05-08 20:01:42 [INFO] View 처리 완료 후 수행
2023-05-08 20:01:52 [INFO] 후처리 수행
2023-05-08 20:01:52 [INFO] View 처리 완료 후 수행
2023-05-08 20:02:02 [INFO] 후처리 수행
2023-05-08 20:02:02 [INFO] View 처리 완료 후 수행
2023-05-08 20:02:12 [INFO] 후처리 수행
2023-05-08 20:02:12 [INFO] View 처리 완료 후 수행
2023-05-08 20:02:22 [INFO] 후처리 수행
2023-05-08 20:02:22 [INFO] View 처리 완료 후 수행
2023-05-08 20:02:32 [INFO] 후처리 수행
2023-05-08 20:02:32 [INFO] View 처리 완료 후 수행
2023-05-08 20:02:42 [INFO] 후처리 수행
2023-05-08 20:02:42 [INFO] View 처리 완료 후 수행
2023-05-08 20:02:52 [INFO] 후처리 수행
2023-05-08 20:02:52 [INFO] View 처리 완료 후 수행
2023-05-08 20:03:02 [INFO] 후처리 수행
2023-05-08 20:03:02 [INFO] View 처리 완료 후 수행
2023-05-08 20:03:12 [INFO] 후처리 수행
2023-05-08 20:03:12 [INFO] View 처리 완료 후 수행
2023-05-08 20:03:13 [INFO] 로그인 기능 수행 됨
2023-05-08 20:03:13 [DEBUG] test01! / $2a$10$UpHOZxSY0rUHKHgL3S5./eqhpylWbx7XK3BkXY4f/Jkt5xKZ2ZbLi
2023-05-08 20:03:14 [INFO] 후처리 수행
2023-05-08 20:03:14 [INFO] View 처리 완료 후 수행
2023-05-08 20:03:14 [INFO] 후처리 수행
2023-05-08 20:03:14 [INFO] View 처리 완료 후 수행
2023-05-08 20:03:31 [INFO] 후처리 수행
2023-05-08 20:03:31 [INFO] View 처리 완료 후 수행
2023-05-08 20:03:32 [INFO] 후처리 수행
2023-05-08 20:03:32 [INFO] View 처리 완료 후 수행
2023-05-08 20:03:46 [INFO] 후처리 수행
2023-05-08 20:03:46 [INFO] View 처리 완료 후 수행
2023-05-08 20:03:46 [INFO] 후처리 수행
2023-05-08 20:03:46 [INFO] View 처리 완료 후 수행
2023-05-08 20:05:13 [INFO] 후처리 수행
2023-05-08 20:05:14 [INFO] View 처리 완료 후 수행
2023-05-08 20:05:16 [INFO] 후처리 수행
2023-05-08 20:05:16 [INFO] View 처리 완료 후 수행
2023-05-08 20:22:01 [INFO] 초기화 필터 파괴
2023-05-08 20:22:06 [INFO] 초기화 필터 생성
2023-05-08 20:49:59 [INFO] 초기화 필터 파괴
2023-05-08 20:50:04 [INFO] 초기화 필터 생성
